<html>
<head>
<title>TestNG:  Test</title>
<link href="../testng.css" rel="stylesheet" type="text/css" />
<link href="../my-testng.css" rel="stylesheet" type="text/css" />

<style type="text/css">
.log { display: none;} 
.stack-trace { display: none;} 
</style>
<script type="text/javascript">
<!--
function flip(e) {
  current = e.style.display;
  if (current == 'block') {
    e.style.display = 'none';
    return 0;
  }
  else {
    e.style.display = 'block';
    return 1;
  }
}

function toggleBox(szDivId, elem, msg1, msg2)
{
  var res = -1;  if (document.getElementById) {
    res = flip(document.getElementById(szDivId));
  }
  else if (document.all) {
    // this is the way old msie versions work
    res = flip(document.all[szDivId]);
  }
  if(elem) {
    if(res == 0) elem.innerHTML = msg1; else elem.innerHTML = msg2;
  }

}

function toggleAllBoxes() {
  if (document.getElementsByTagName) {
    d = document.getElementsByTagName('div');
    for (i = 0; i < d.length; i++) {
      if (d[i].className == 'log') {
        flip(d[i]);
      }
    }
  }
}

// -->
</script>

</head>
<body>
<h2 align='center'>Test</h2><table border='1' align="center">
<tr>
<td>Tests passed/Failed/Skipped:</td><td>22/1/0</td>
</tr><tr>
<td>Started on:</td><td>Mon May 15 17:50:18 BDT 2023</td>
</tr>
<tr><td>Total time:</td><td>122 seconds (122868 ms)</td>
</tr><tr>
<td>Included groups:</td><td></td>
</tr><tr>
<td>Excluded groups:</td><td></td>
</tr>
</table><p/>
<small><i>(Hover the method name to see the test class name)</i></small><p/>
<table width='100%' border='1' class='invocation-failed'>
<tr><td colspan='4' align='center'><b>FAILED TESTS</b></td></tr>
<tr><td><b>Test method</b></td>
<td><b>Attribute(s)</b></td>
<td width="30%"><b>Exception</b></td>
<td width="10%"><b>Time (seconds)</b></td>
<td><b>Instance</b></td>
</tr>
<tr>
<td title='testcases.RegisterTestCases.registerWithValidData()'><b>registerWithValidData</b><br>Test class: testcases.RegisterTestCases</td>
<td><div><pre>org.openqa.selenium.NoSuchElementException: no such element: Unable to locate element: {&quot;method&quot;:&quot;xpath&quot;,&quot;selector&quot;:&quot;//button[contains(text(),&apos;Create account with password&apos;)]&quot;}
  (Session info: chrome=113.0.5672.93)
For documentation on this error, please visit: https://selenium.dev/exceptions/#no_such_element
Build info: version: &apos;4.9.0&apos;, revision: &apos;d7057100a6&apos;
System info: os.name: &apos;Windows 10&apos;, os.arch: &apos;amd64&apos;, os.version: &apos;10.0&apos;, java.version: &apos;14.0.2&apos;
Driver info: org.openqa.selenium.chrome.ChromeDriver
Command: [b257cf21f005b095e41df9abd1497cbd, findElement {using=xpath, value=//button[contains(text(),&apos;Create account with password&apos;)]}]
Capabilities {acceptInsecureCerts: false, browserName: chrome, browserVersion: 113.0.5672.93, chrome: {chromedriverVersion: 113.0.5672.63 (0e1a4471d5ae..., userDataDir: C:\Users\APURBO~1\AppData\L...}, goog:chromeOptions: {debuggerAddress: localhost:57691}, networkConnectionEnabled: false, pageLoadStrategy: normal, platformName: WINDOWS, proxy: Proxy(), se:cdp: ws://localhost:57691/devtoo..., se:cdpVersion: 113.0.5672.93, setWindowRect: true, strictFileInteractability: false, timeouts: {implicit: 0, pageLoad: 300000, script: 30000}, unhandledPromptBehavior: dismiss and notify, webauthn:extension:credBlob: true, webauthn:extension:largeBlob: true, webauthn:extension:minPinLength: true, webauthn:extension:prf: true, webauthn:virtualAuthenticators: true}
Session ID: b257cf21f005b095e41df9abd1497cbd
	at org.openqa.selenium.remote.codec.w3c.W3CHttpResponseCodec.createException(W3CHttpResponseCodec.java:200)
	at org.openqa.selenium.remote.codec.w3c.W3CHttpResponseCodec.decode(W3CHttpResponseCodec.java:133)
	at org.openqa.selenium.remote.codec.w3c.W3CHttpResponseCodec.decode(W3CHttpResponseCodec.java:53)
	at org.openqa.selenium.remote.HttpCommandExecutor.execute(HttpCommandExecutor.java:193)
	at org.openqa.selenium.remote.service.DriverCommandExecutor.invokeExecute(DriverCommandExecutor.java:183)
	at org.openqa.selenium.remote.service.DriverCommandExecutor.execute(DriverCommandExecutor.java:158)
	at org.openqa.selenium.remote.RemoteWebDriver.execute(RemoteWebDriver.java:543)
	at org.openqa.selenium.remote.ElementLocation$ElementFinder$2.findElement(ElementLocation.java:162)
	at org.openqa.selenium.remote.ElementLocation.findElement(ElementLocation.java:60)
	at org.openqa.selenium.remote.RemoteWebDriver.findElement(RemoteWebDriver.java:352)
	at org.openqa.selenium.remote.RemoteWebDriver.findElement(RemoteWebDriver.java:344)
	at pages.BasePage.findElement(BasePage.java:30)
	at pages.RegisterPage.registerWithValidDataCreateNewUsers(RegisterPage.java:53)
	at testcases.RegisterTestCases.registerWithValidData(RegisterTestCases.java:22)
	at java.base/java.util.concurrent.ThreadPoolExecutor.runWorker(ThreadPoolExecutor.java:1130)
	at java.base/java.util.concurrent.ThreadPoolExecutor$Worker.run(ThreadPoolExecutor.java:630)
	at java.base/java.lang.Thread.run(Thread.java:832)
... Removed 17 stack frames</pre></div><a href='#' onClick='toggleBox("stack-trace2003568535", this, "Click to show all stack frames", "Click to hide stack frames")'>Click to show all stack frames</a>
<div class='stack-trace' id='stack-trace2003568535'><pre>org.openqa.selenium.NoSuchElementException: no such element: Unable to locate element: {&quot;method&quot;:&quot;xpath&quot;,&quot;selector&quot;:&quot;//button[contains(text(),&apos;Create account with password&apos;)]&quot;}
  (Session info: chrome=113.0.5672.93)
For documentation on this error, please visit: https://selenium.dev/exceptions/#no_such_element
Build info: version: &apos;4.9.0&apos;, revision: &apos;d7057100a6&apos;
System info: os.name: &apos;Windows 10&apos;, os.arch: &apos;amd64&apos;, os.version: &apos;10.0&apos;, java.version: &apos;14.0.2&apos;
Driver info: org.openqa.selenium.chrome.ChromeDriver
Command: [b257cf21f005b095e41df9abd1497cbd, findElement {using=xpath, value=//button[contains(text(),&apos;Create account with password&apos;)]}]
Capabilities {acceptInsecureCerts: false, browserName: chrome, browserVersion: 113.0.5672.93, chrome: {chromedriverVersion: 113.0.5672.63 (0e1a4471d5ae..., userDataDir: C:\Users\APURBO~1\AppData\L...}, goog:chromeOptions: {debuggerAddress: localhost:57691}, networkConnectionEnabled: false, pageLoadStrategy: normal, platformName: WINDOWS, proxy: Proxy(), se:cdp: ws://localhost:57691/devtoo..., se:cdpVersion: 113.0.5672.93, setWindowRect: true, strictFileInteractability: false, timeouts: {implicit: 0, pageLoad: 300000, script: 30000}, unhandledPromptBehavior: dismiss and notify, webauthn:extension:credBlob: true, webauthn:extension:largeBlob: true, webauthn:extension:minPinLength: true, webauthn:extension:prf: true, webauthn:virtualAuthenticators: true}
Session ID: b257cf21f005b095e41df9abd1497cbd
	at java.base/jdk.internal.reflect.NativeConstructorAccessorImpl.newInstance0(Native Method)
	at java.base/jdk.internal.reflect.NativeConstructorAccessorImpl.newInstance(NativeConstructorAccessorImpl.java:62)
	at java.base/jdk.internal.reflect.DelegatingConstructorAccessorImpl.newInstance(DelegatingConstructorAccessorImpl.java:45)
	at java.base/java.lang.reflect.Constructor.newInstanceWithCaller(Constructor.java:500)
	at java.base/java.lang.reflect.Constructor.newInstance(Constructor.java:481)
	at org.openqa.selenium.remote.codec.w3c.W3CHttpResponseCodec.createException(W3CHttpResponseCodec.java:200)
	at org.openqa.selenium.remote.codec.w3c.W3CHttpResponseCodec.decode(W3CHttpResponseCodec.java:133)
	at org.openqa.selenium.remote.codec.w3c.W3CHttpResponseCodec.decode(W3CHttpResponseCodec.java:53)
	at org.openqa.selenium.remote.HttpCommandExecutor.execute(HttpCommandExecutor.java:193)
	at org.openqa.selenium.remote.service.DriverCommandExecutor.invokeExecute(DriverCommandExecutor.java:183)
	at org.openqa.selenium.remote.service.DriverCommandExecutor.execute(DriverCommandExecutor.java:158)
	at org.openqa.selenium.remote.RemoteWebDriver.execute(RemoteWebDriver.java:543)
	at org.openqa.selenium.remote.ElementLocation$ElementFinder$2.findElement(ElementLocation.java:162)
	at org.openqa.selenium.remote.ElementLocation.findElement(ElementLocation.java:60)
	at org.openqa.selenium.remote.RemoteWebDriver.findElement(RemoteWebDriver.java:352)
	at org.openqa.selenium.remote.RemoteWebDriver.findElement(RemoteWebDriver.java:344)
	at pages.BasePage.findElement(BasePage.java:30)
	at pages.RegisterPage.registerWithValidDataCreateNewUsers(RegisterPage.java:53)
	at testcases.RegisterTestCases.registerWithValidData(RegisterTestCases.java:22)
	at java.base/jdk.internal.reflect.NativeMethodAccessorImpl.invoke0(Native Method)
	at java.base/jdk.internal.reflect.NativeMethodAccessorImpl.invoke(NativeMethodAccessorImpl.java:62)
	at java.base/jdk.internal.reflect.DelegatingMethodAccessorImpl.invoke(DelegatingMethodAccessorImpl.java:43)
	at java.base/java.lang.reflect.Method.invoke(Method.java:564)
	at org.testng.internal.invokers.MethodInvocationHelper.invokeMethod(MethodInvocationHelper.java:139)
	at org.testng.internal.invokers.TestInvoker.invokeMethod(TestInvoker.java:677)
	at org.testng.internal.invokers.TestInvoker.invokeTestMethod(TestInvoker.java:221)
	at org.testng.internal.invokers.MethodRunner.runInSequence(MethodRunner.java:50)
	at org.testng.internal.invokers.TestInvoker$MethodInvocationAgent.invoke(TestInvoker.java:969)
	at org.testng.internal.invokers.TestInvoker.invokeTestMethods(TestInvoker.java:194)
	at org.testng.internal.invokers.TestMethodWorker.invokeTestMethods(TestMethodWorker.java:148)
	at org.testng.internal.invokers.TestMethodWorker.run(TestMethodWorker.java:128)
	at java.base/java.util.concurrent.ThreadPoolExecutor.runWorker(ThreadPoolExecutor.java:1130)
	at java.base/java.util.concurrent.ThreadPoolExecutor$Worker.run(ThreadPoolExecutor.java:630)
	at java.base/java.lang.Thread.run(Thread.java:832)
</pre></div></td>
<td>8</td>
<td>testcases.RegisterTestCases@563f38c4</td></tr>
</table><p>
<table width='100%' border='1' class='invocation-passed'>
<tr><td colspan='4' align='center'><b>PASSED TESTS</b></td></tr>
<tr><td><b>Test method</b></td>
<td><b>Attribute(s)</b></td>
<td width="30%"><b>Exception</b></td>
<td width="10%"><b>Time (seconds)</b></td>
<td><b>Instance</b></td>
</tr>
<tr>
<td title='testcases.RegisterTestCases.registerInvalidDataVerify()'><b>registerInvalidDataVerify</b><br>Test class: testcases.RegisterTestCases</td>
<td></td>
<td>6</td>
<td>testcases.RegisterTestCases@563f38c4</td></tr>
<tr>
<td title='testcases.RegisterTestCases.registerPageTermsandConditionSelectDeselect()'><b>registerPageTermsandConditionSelectDeselect</b><br>Test class: testcases.RegisterTestCases</td>
<td></td>
<td>6</td>
<td>testcases.RegisterTestCases@563f38c4</td></tr>
<tr>
<td title='testcases.LoginTestCases.loginWithWrongPassword()'><b>loginWithWrongPassword</b><br>Test class: testcases.LoginTestCases</td>
<td></td>
<td>8</td>
<td>testcases.LoginTestCases@3e8c3cb</td></tr>
<tr>
<td title='testcases.RegisterTestCases.registerPageBacktoHomeButtonTest()'><b>registerPageBacktoHomeButtonTest</b><br>Test class: testcases.RegisterTestCases</td>
<td></td>
<td>5</td>
<td>testcases.RegisterTestCases@563f38c4</td></tr>
<tr>
<td title='testcases.LoginTestCases.loginPagePreviousBackButtonTestFromPasswordPage()'><b>loginPagePreviousBackButtonTestFromPasswordPage</b><br>Test class: testcases.LoginTestCases</td>
<td></td>
<td>9</td>
<td>testcases.LoginTestCases@3e8c3cb</td></tr>
<tr>
<td title='testcases.RegisterTestCases.registerPageTermsandConditionLinkcheck()'><b>registerPageTermsandConditionLinkcheck</b><br>Test class: testcases.RegisterTestCases</td>
<td></td>
<td>8</td>
<td>testcases.RegisterTestCases@563f38c4</td></tr>
<tr>
<td title='testcases.LoginTestCases.loginPageCreateAccountButtonTestFromPasswordField()'><b>loginPageCreateAccountButtonTestFromPasswordField</b><br>Test class: testcases.LoginTestCases</td>
<td></td>
<td>7</td>
<td>testcases.LoginTestCases@3e8c3cb</td></tr>
<tr>
<td title='testcases.RegisterTestCases.registerFromCartPage()'><b>registerFromCartPage</b><br>Test class: testcases.RegisterTestCases</td>
<td></td>
<td>15</td>
<td>testcases.RegisterTestCases@563f38c4</td></tr>
<tr>
<td title='testcases.RegisterTestCases.registerWithInvalidEmailFormat()'><b>registerWithInvalidEmailFormat</b><br>Test class: testcases.RegisterTestCases</td>
<td></td>
<td>4</td>
<td>testcases.RegisterTestCases@563f38c4</td></tr>
<tr>
<td title='testcases.LoginTestCases.loginSccuessWithValidData()'><b>loginSccuessWithValidData</b><br>Test class: testcases.LoginTestCases</td>
<td></td>
<td>6</td>
<td>testcases.LoginTestCases@3e8c3cb</td></tr>
<tr>
<td title='testcases.LoginTestCases.loginWithInvalidMailFormat()'><b>loginWithInvalidMailFormat</b><br>Test class: testcases.LoginTestCases</td>
<td></td>
<td>5</td>
<td>testcases.LoginTestCases@3e8c3cb</td></tr>
<tr>
<td title='testcases.RegisterTestCases.registerPageSigninButtonTest()'><b>registerPageSigninButtonTest</b><br>Test class: testcases.RegisterTestCases</td>
<td></td>
<td>4</td>
<td>testcases.RegisterTestCases@563f38c4</td></tr>
<tr>
<td title='testcases.LoginTestCases.loginPageBackButtonTestFromEmailPage()'><b>loginPageBackButtonTestFromEmailPage</b><br>Test class: testcases.LoginTestCases</td>
<td></td>
<td>7</td>
<td>testcases.LoginTestCases@3e8c3cb</td></tr>
<tr>
<td title='testcases.LoginTestCases.loginPageForgetPasswordButtonTest()'><b>loginPageForgetPasswordButtonTest</b><br>Test class: testcases.LoginTestCases</td>
<td></td>
<td>8</td>
<td>testcases.LoginTestCases@3e8c3cb</td></tr>
<tr>
<td title='testcases.LoginTestCases.loginPageBackButtonTestFromPasswordPage()'><b>loginPageBackButtonTestFromPasswordPage</b><br>Test class: testcases.LoginTestCases</td>
<td></td>
<td>11</td>
<td>testcases.LoginTestCases@3e8c3cb</td></tr>
<tr>
<td title='testcases.LoginTestCases.loginFromCartPageUrlVerify()'><b>loginFromCartPageUrlVerify</b><br>Test class: testcases.LoginTestCases</td>
<td></td>
<td>9</td>
<td>testcases.LoginTestCases@3e8c3cb</td></tr>
<tr>
<td title='testcases.LoginTestCases.loginButtonTestFromNav()'><b>loginButtonTestFromNav</b><br>Test class: testcases.LoginTestCases</td>
<td></td>
<td>9</td>
<td>testcases.LoginTestCases@3e8c3cb</td></tr>
<tr>
<td title='testcases.LoginTestCases.loginPageCreateAccountButtonTest()'><b>loginPageCreateAccountButtonTest</b><br>Test class: testcases.LoginTestCases</td>
<td></td>
<td>8</td>
<td>testcases.LoginTestCases@3e8c3cb</td></tr>
<tr>
<td title='testcases.LoginTestCases.loginPageSignInButtonTest()'><b>loginPageSignInButtonTest</b><br>Test class: testcases.LoginTestCases</td>
<td></td>
<td>3</td>
<td>testcases.LoginTestCases@3e8c3cb</td></tr>
<tr>
<td title='testcases.RegisterTestCases.registerPageValidationtextsVerify()'><b>registerPageValidationtextsVerify</b><br>Test class: testcases.RegisterTestCases</td>
<td></td>
<td>9</td>
<td>testcases.RegisterTestCases@563f38c4</td></tr>
<tr>
<td title='testcases.LandingTestCases.name()'><b>name</b><br>Test class: testcases.LandingTestCases</td>
<td></td>
<td>2</td>
<td>testcases.LandingTestCases@73e9cf30</td></tr>
<tr>
<td title='testcases.RegisterTestCases.registerWithExistingUserMail()'><b>registerWithExistingUserMail</b><br>Test class: testcases.RegisterTestCases</td>
<td></td>
<td>4</td>
<td>testcases.RegisterTestCases@563f38c4</td></tr>
</table><p>
</body>
</html>