<?xml version="1.0" encoding="UTF-8"?>
<!-- Generated by org.testng.reporters.JUnitXMLReporter -->
<testsuite ignored="0" hostname="DESKTOP-ORMUMH8" failures="1" tests="23" name="Test" time="122.868" errors="0" timestamp="2023-05-15T17:52:21 BDT">
  <testcase classname="testcases.LandingTestCases" name="name" time="2.226"/>
  <testcase classname="testcases.LoginTestCases" name="loginButtonTestFromNav" time="9.933"/>
  <testcase classname="testcases.LoginTestCases" name="loginFromCartPageUrlVerify" time="9.031"/>
  <testcase classname="testcases.LoginTestCases" name="loginPageBackButtonTestFromEmailPage" time="7.088"/>
  <testcase classname="testcases.LoginTestCases" name="loginPageBackButtonTestFromPasswordPage" time="11.691"/>
  <testcase classname="testcases.LoginTestCases" name="loginPageCreateAccountButtonTest" time="8.936"/>
  <testcase classname="testcases.LoginTestCases" name="loginPageCreateAccountButtonTestFromPasswordField" time="7.953"/>
  <testcase classname="testcases.LoginTestCases" name="loginPageForgetPasswordButtonTest" time="8.668"/>
  <testcase classname="testcases.LoginTestCases" name="loginPageSignInButtonTest" time="3.655"/>
  <testcase classname="testcases.LoginTestCases" name="loginPagePreviousBackButtonTestFromPasswordPage" time="9.265"/>
  <testcase classname="testcases.LoginTestCases" name="loginSccuessWithValidData" time="6.008"/>
  <testcase classname="testcases.LoginTestCases" name="loginWithInvalidMailFormat" time="5.94"/>
  <testcase classname="testcases.LoginTestCases" name="loginWithWrongPassword" time="8.006"/>
  <testcase classname="testcases.RegisterTestCases" name="registerInvalidDataVerify" time="6.573"/>
  <testcase classname="testcases.RegisterTestCases" name="registerFromCartPage" time="15.717"/>
  <testcase classname="testcases.RegisterTestCases" name="registerPageBacktoHomeButtonTest" time="5.008"/>
  <testcase classname="testcases.RegisterTestCases" name="registerPageSigninButtonTest" time="4.901"/>
  <testcase classname="testcases.RegisterTestCases" name="registerPageTermsandConditionLinkcheck" time="8.787"/>
  <testcase classname="testcases.RegisterTestCases" name="registerPageTermsandConditionSelectDeselect" time="6.275"/>
  <testcase classname="testcases.RegisterTestCases" name="registerWithExistingUserMail" time="4.892"/>
  <testcase classname="testcases.RegisterTestCases" name="registerPageValidationtextsVerify" time="9.673"/>
  <testcase classname="testcases.RegisterTestCases" name="registerWithInvalidEmailFormat" time="4.641"/>
  <testcase classname="testcases.RegisterTestCases" name="registerWithValidData" time="8.107">
    <failure type="org.openqa.selenium.NoSuchElementException" message="no such element: Unable to locate element: {&amp;quot;method&amp;quot;:&amp;quot;xpath&amp;quot;,&amp;quot;selector&amp;quot;:&amp;quot;//button[contains(text(),&amp;apos;Create account with password&amp;apos;)]&amp;quot;}
  (Session info: chrome=113.0.5672.93)
For documentation on this error, please visit: https://selenium.dev/exceptions/#no_such_element
Build info: version: &amp;apos;4.9.0&amp;apos;, revision: &amp;apos;d7057100a6&amp;apos;
System info: os.name: &amp;apos;Windows 10&amp;apos;, os.arch: &amp;apos;amd64&amp;apos;, os.version: &amp;apos;10.0&amp;apos;, java.version: &amp;apos;14.0.2&amp;apos;
Driver info: org.openqa.selenium.chrome.ChromeDriver
Command: [b257cf21f005b095e41df9abd1497cbd, findElement {using=xpath, value=//button[contains(text(),&amp;apos;Create account with password&amp;apos;)]}]
Capabilities {acceptInsecureCerts: false, browserName: chrome, browserVersion: 113.0.5672.93, chrome: {chromedriverVersion: 113.0.5672.63 (0e1a4471d5ae..., userDataDir: C:\Users\APURBO~1\AppData\L...}, goog:chromeOptions: {debuggerAddress: localhost:57691}, networkConnectionEnabled: false, pageLoadStrategy: normal, platformName: WINDOWS, proxy: Proxy(), se:cdp: ws://localhost:57691/devtoo..., se:cdpVersion: 113.0.5672.93, setWindowRect: true, strictFileInteractability: false, timeouts: {implicit: 0, pageLoad: 300000, script: 30000}, unhandledPromptBehavior: dismiss and notify, webauthn:extension:credBlob: true, webauthn:extension:largeBlob: true, webauthn:extension:minPinLength: true, webauthn:extension:prf: true, webauthn:virtualAuthenticators: true}
Session ID: b257cf21f005b095e41df9abd1497cbd">
      <![CDATA[org.openqa.selenium.NoSuchElementException: no such element: Unable to locate element: {"method":"xpath","selector":"//button[contains(text(),'Create account with password')]"}
  (Session info: chrome=113.0.5672.93)
For documentation on this error, please visit: https://selenium.dev/exceptions/#no_such_element
Build info: version: '4.9.0', revision: 'd7057100a6'
System info: os.name: 'Windows 10', os.arch: 'amd64', os.version: '10.0', java.version: '14.0.2'
Driver info: org.openqa.selenium.chrome.ChromeDriver
Command: [b257cf21f005b095e41df9abd1497cbd, findElement {using=xpath, value=//button[contains(text(),'Create account with password')]}]
Capabilities {acceptInsecureCerts: false, browserName: chrome, browserVersion: 113.0.5672.93, chrome: {chromedriverVersion: 113.0.5672.63 (0e1a4471d5ae..., userDataDir: C:\Users\APURBO~1\AppData\L...}, goog:chromeOptions: {debuggerAddress: localhost:57691}, networkConnectionEnabled: false, pageLoadStrategy: normal, platformName: WINDOWS, proxy: Proxy(), se:cdp: ws://localhost:57691/devtoo..., se:cdpVersion: 113.0.5672.93, setWindowRect: true, strictFileInteractability: false, timeouts: {implicit: 0, pageLoad: 300000, script: 30000}, unhandledPromptBehavior: dismiss and notify, webauthn:extension:credBlob: true, webauthn:extension:largeBlob: true, webauthn:extension:minPinLength: true, webauthn:extension:prf: true, webauthn:virtualAuthenticators: true}
Session ID: b257cf21f005b095e41df9abd1497cbd
at org.openqa.selenium.remote.codec.w3c.W3CHttpResponseCodec.createException(W3CHttpResponseCodec.java:200)
at org.openqa.selenium.remote.codec.w3c.W3CHttpResponseCodec.decode(W3CHttpResponseCodec.java:133)
at org.openqa.selenium.remote.codec.w3c.W3CHttpResponseCodec.decode(W3CHttpResponseCodec.java:53)
at org.openqa.selenium.remote.HttpCommandExecutor.execute(HttpCommandExecutor.java:193)
at org.openqa.selenium.remote.service.DriverCommandExecutor.invokeExecute(DriverCommandExecutor.java:183)
at org.openqa.selenium.remote.service.DriverCommandExecutor.execute(DriverCommandExecutor.java:158)
at org.openqa.selenium.remote.RemoteWebDriver.execute(RemoteWebDriver.java:543)
at org.openqa.selenium.remote.ElementLocation$ElementFinder$2.findElement(ElementLocation.java:162)
at org.openqa.selenium.remote.ElementLocation.findElement(ElementLocation.java:60)
at org.openqa.selenium.remote.RemoteWebDriver.findElement(RemoteWebDriver.java:352)
at org.openqa.selenium.remote.RemoteWebDriver.findElement(RemoteWebDriver.java:344)
at pages.BasePage.findElement(BasePage.java:30)
at pages.RegisterPage.registerWithValidDataCreateNewUsers(RegisterPage.java:53)
at testcases.RegisterTestCases.registerWithValidData(RegisterTestCases.java:22)
at java.base/java.util.concurrent.ThreadPoolExecutor.runWorker(ThreadPoolExecutor.java:1130)
at java.base/java.util.concurrent.ThreadPoolExecutor$Worker.run(ThreadPoolExecutor.java:630)
at java.base/java.lang.Thread.run(Thread.java:832)
... Removed 17 stack frames]]>
    </failure>
  </testcase> <!-- registerWithValidData -->
</testsuite> <!-- Test -->
